2025-04-24:11:40:16CDT * 0 * information * 0x5568872579e0 * KIM_LogImplementation.cpp:107 * Log object created.  Default verbosity level is 'information'.
2025-04-24:11:40:16CDT * 1 * information * 0x5568872579e0 * KIM_LogImplementation.cpp:119 * Log object destroyed.
2025-04-24:11:40:16CDT * 0 * information * 0x5568872579e0 * KIM_LogImplementation.cpp:107 * Log object created.  Default verbosity level is 'information'.
2025-04-24:11:40:16CDT * 0 * information * 0x55688724fdd0 * KIM_LogImplementation.cpp:107 * Log object created.  Default verbosity level is 'information'.
2025-04-24:11:40:16CDT * 1 * information * 0x55688724fdd0 * KIM_LogImplementation.cpp:242 * Log object renamed.  ID changed to '0x5568872579e0_Collections'.
2025-04-24:11:40:16CDT * 2 * information * 0x5568872579e0_Collections * KIM_LogImplementation.cpp:246 * Log object renamed.  ID changed from '0x55688724fdd0'.
2025-04-24:11:40:16CDT * 3 * information * 0x5568872579e0_Collections * KIM_LogImplementation.cpp:119 * Log object destroyed.
2025-04-24:11:40:16CDT * 1 * error * 0x5568872579e0 * KIM_ModelImplementation.cpp:2298 * Model supplied Create() routine did not set pointer for Destroy.
2025-04-24:11:40:16CDT * 2 * information * 0x5568872579e0 * KIM_LogImplementation.cpp:119 * Log object destroyed.
2025-04-24:11:41:26CDT * 0 * information * 0x55d8bee049e0 * KIM_LogImplementation.cpp:107 * Log object created.  Default verbosity level is 'information'.
2025-04-24:11:41:26CDT * 1 * information * 0x55d8bee049e0 * KIM_LogImplementation.cpp:119 * Log object destroyed.
2025-04-24:11:41:26CDT * 0 * information * 0x55d8bee049e0 * KIM_LogImplementation.cpp:107 * Log object created.  Default verbosity level is 'information'.
2025-04-24:11:41:26CDT * 0 * information * 0x55d8bedfcdd0 * KIM_LogImplementation.cpp:107 * Log object created.  Default verbosity level is 'information'.
2025-04-24:11:41:26CDT * 1 * information * 0x55d8bedfcdd0 * KIM_LogImplementation.cpp:242 * Log object renamed.  ID changed to '0x55d8bee049e0_Collections'.
2025-04-24:11:41:26CDT * 2 * information * 0x55d8bee049e0_Collections * KIM_LogImplementation.cpp:246 * Log object renamed.  ID changed from '0x55d8bedfcdd0'.
2025-04-24:11:41:26CDT * 3 * information * 0x55d8bee049e0_Collections * KIM_LogImplementation.cpp:119 * Log object destroyed.
2025-04-24:11:41:26CDT * 1 * error * 0x55d8bee049e0 * KIM_ModelImplementation.cpp:2340 * Model supplied Create() routine did not set SpeciesCode.
2025-04-24:11:41:26CDT * 2 * information * 0x55d8bee049e0 * KIM_LogImplementation.cpp:119 * Log object destroyed.
2025-04-24:11:43:53CDT * 0 * information * 0x55c2171c09e0 * KIM_LogImplementation.cpp:107 * Log object created.  Default verbosity level is 'information'.
2025-04-24:11:43:53CDT * 1 * information * 0x55c2171c09e0 * KIM_LogImplementation.cpp:119 * Log object destroyed.
2025-04-24:11:43:53CDT * 0 * information * 0x55c2171c09e0 * KIM_LogImplementation.cpp:107 * Log object created.  Default verbosity level is 'information'.
2025-04-24:11:43:53CDT * 0 * information * 0x55c2171b8dd0 * KIM_LogImplementation.cpp:107 * Log object created.  Default verbosity level is 'information'.
2025-04-24:11:43:53CDT * 1 * information * 0x55c2171b8dd0 * KIM_LogImplementation.cpp:242 * Log object renamed.  ID changed to '0x55c2171c09e0_Collections'.
2025-04-24:11:43:53CDT * 2 * information * 0x55c2171c09e0_Collections * KIM_LogImplementation.cpp:246 * Log object renamed.  ID changed from '0x55c2171b8dd0'.
2025-04-24:11:43:53CDT * 3 * information * 0x55c2171c09e0_Collections * KIM_LogImplementation.cpp:119 * Log object destroyed.
2025-04-24:11:43:53CDT * 1 * error * 0x55c2171c09e0 * KIM_ModelImplementation.cpp:2340 * Model supplied Create() routine did not set SpeciesCode.
2025-04-24:11:43:53CDT * 2 * information * 0x55c2171c09e0 * KIM_LogImplementation.cpp:119 * Log object destroyed.
2025-04-24:11:44:37CDT * 0 * information * 0x565491a9e9e0 * KIM_LogImplementation.cpp:107 * Log object created.  Default verbosity level is 'information'.
2025-04-24:11:44:37CDT * 1 * information * 0x565491a9e9e0 * KIM_LogImplementation.cpp:119 * Log object destroyed.
2025-04-24:11:44:37CDT * 0 * information * 0x565491a9e9e0 * KIM_LogImplementation.cpp:107 * Log object created.  Default verbosity level is 'information'.
2025-04-24:11:44:37CDT * 0 * information * 0x565491a96dd0 * KIM_LogImplementation.cpp:107 * Log object created.  Default verbosity level is 'information'.
2025-04-24:11:44:37CDT * 1 * information * 0x565491a96dd0 * KIM_LogImplementation.cpp:242 * Log object renamed.  ID changed to '0x565491a9e9e0_Collections'.
2025-04-24:11:44:37CDT * 2 * information * 0x565491a9e9e0_Collections * KIM_LogImplementation.cpp:246 * Log object renamed.  ID changed from '0x565491a96dd0'.
2025-04-24:11:44:37CDT * 3 * information * 0x565491a9e9e0_Collections * KIM_LogImplementation.cpp:119 * Log object destroyed.
2025-04-24:11:44:37CDT * 0 * information * 0x565491a96dd0 * KIM_LogImplementation.cpp:107 * Log object created.  Default verbosity level is 'information'.
2025-04-24:11:44:37CDT * 1 * information * 0x565491a96dd0 * KIM_LogImplementation.cpp:242 * Log object renamed.  ID changed to '0x565491a9e9e0_0x565491a96dd0'.
2025-04-24:11:44:37CDT * 2 * information * 0x565491a9e9e0_0x565491a96dd0 * KIM_LogImplementation.cpp:246 * Log object renamed.  ID changed from '0x565491a96dd0'.
2025-04-24:11:44:37CDT * 1 * error * 0x565491a9e9e0 * KIM_ModelImplementation.cpp:2497 * Model supplied ComputeArgumentsCreate() routine returned error.
2025-04-24:11:44:37CDT * 2 * information * 0x565491a9e9e0 * KIM_LogImplementation.cpp:119 * Log object destroyed.
2025-04-24:11:46:35CDT * 0 * information * 0x55f47afbc9e0 * KIM_LogImplementation.cpp:107 * Log object created.  Default verbosity level is 'information'.
2025-04-24:11:46:35CDT * 1 * information * 0x55f47afbc9e0 * KIM_LogImplementation.cpp:119 * Log object destroyed.
2025-04-24:11:46:35CDT * 0 * information * 0x55f47afbc9e0 * KIM_LogImplementation.cpp:107 * Log object created.  Default verbosity level is 'information'.
2025-04-24:11:46:35CDT * 0 * information * 0x55f47afb4dd0 * KIM_LogImplementation.cpp:107 * Log object created.  Default verbosity level is 'information'.
2025-04-24:11:46:35CDT * 1 * information * 0x55f47afb4dd0 * KIM_LogImplementation.cpp:242 * Log object renamed.  ID changed to '0x55f47afbc9e0_Collections'.
2025-04-24:11:46:35CDT * 2 * information * 0x55f47afbc9e0_Collections * KIM_LogImplementation.cpp:246 * Log object renamed.  ID changed from '0x55f47afb4dd0'.
2025-04-24:11:46:35CDT * 3 * information * 0x55f47afbc9e0_Collections * KIM_LogImplementation.cpp:119 * Log object destroyed.
2025-04-24:11:46:35CDT * 0 * information * 0x55f47afb4dd0 * KIM_LogImplementation.cpp:107 * Log object created.  Default verbosity level is 'information'.
2025-04-24:11:46:35CDT * 1 * information * 0x55f47afb4dd0 * KIM_LogImplementation.cpp:242 * Log object renamed.  ID changed to '0x55f47afbc9e0_0x55f47afb4dd0'.
2025-04-24:11:46:35CDT * 2 * information * 0x55f47afbc9e0_0x55f47afb4dd0 * KIM_LogImplementation.cpp:246 * Log object renamed.  ID changed from '0x55f47afb4dd0'.
2025-04-24:11:46:35CDT * 1 * error * 0x55f47afbc9e0 * KIM_ModelImplementation.cpp:2497 * Model supplied ComputeArgumentsCreate() routine returned error.
2025-04-24:11:46:35CDT * 2 * information * 0x55f47afbc9e0 * KIM_LogImplementation.cpp:119 * Log object destroyed.
2025-04-24:11:48:05CDT * 0 * information * 0x55d1246da9e0 * KIM_LogImplementation.cpp:107 * Log object created.  Default verbosity level is 'information'.
2025-04-24:11:48:05CDT * 1 * information * 0x55d1246da9e0 * KIM_LogImplementation.cpp:119 * Log object destroyed.
2025-04-24:11:48:05CDT * 0 * information * 0x55d1246da9e0 * KIM_LogImplementation.cpp:107 * Log object created.  Default verbosity level is 'information'.
2025-04-24:11:48:05CDT * 0 * information * 0x55d1246d2dd0 * KIM_LogImplementation.cpp:107 * Log object created.  Default verbosity level is 'information'.
2025-04-24:11:48:05CDT * 1 * information * 0x55d1246d2dd0 * KIM_LogImplementation.cpp:242 * Log object renamed.  ID changed to '0x55d1246da9e0_Collections'.
2025-04-24:11:48:05CDT * 2 * information * 0x55d1246da9e0_Collections * KIM_LogImplementation.cpp:246 * Log object renamed.  ID changed from '0x55d1246d2dd0'.
2025-04-24:11:48:05CDT * 3 * information * 0x55d1246da9e0_Collections * KIM_LogImplementation.cpp:119 * Log object destroyed.
2025-04-24:11:48:05CDT * 0 * information * 0x55d1246d2dd0 * KIM_LogImplementation.cpp:107 * Log object created.  Default verbosity level is 'information'.
2025-04-24:11:48:05CDT * 1 * information * 0x55d1246d2dd0 * KIM_LogImplementation.cpp:242 * Log object renamed.  ID changed to '0x55d1246da9e0_0x55d1246d2dd0'.
2025-04-24:11:48:05CDT * 2 * information * 0x55d1246da9e0_0x55d1246d2dd0 * KIM_LogImplementation.cpp:246 * Log object renamed.  ID changed from '0x55d1246d2dd0'.
2025-04-24:11:48:05CDT * 1 * error * 0x55d1246da9e0 * KIM_ModelImplementation.cpp:2497 * Model supplied ComputeArgumentsCreate() routine returned error.
2025-04-24:11:48:05CDT * 2 * information * 0x55d1246da9e0 * KIM_LogImplementation.cpp:119 * Log object destroyed.
2025-04-24:11:49:30CDT * 0 * information * 0x55d3f48c69e0 * KIM_LogImplementation.cpp:107 * Log object created.  Default verbosity level is 'information'.
2025-04-24:11:49:30CDT * 1 * information * 0x55d3f48c69e0 * KIM_LogImplementation.cpp:119 * Log object destroyed.
2025-04-24:11:49:30CDT * 0 * information * 0x55d3f48c69e0 * KIM_LogImplementation.cpp:107 * Log object created.  Default verbosity level is 'information'.
2025-04-24:11:49:30CDT * 0 * information * 0x55d3f48bedd0 * KIM_LogImplementation.cpp:107 * Log object created.  Default verbosity level is 'information'.
2025-04-24:11:49:30CDT * 1 * information * 0x55d3f48bedd0 * KIM_LogImplementation.cpp:242 * Log object renamed.  ID changed to '0x55d3f48c69e0_Collections'.
2025-04-24:11:49:30CDT * 2 * information * 0x55d3f48c69e0_Collections * KIM_LogImplementation.cpp:246 * Log object renamed.  ID changed from '0x55d3f48bedd0'.
2025-04-24:11:49:30CDT * 3 * information * 0x55d3f48c69e0_Collections * KIM_LogImplementation.cpp:119 * Log object destroyed.
2025-04-24:11:49:30CDT * 0 * information * 0x55d3f48bedd0 * KIM_LogImplementation.cpp:107 * Log object created.  Default verbosity level is 'information'.
2025-04-24:11:49:30CDT * 1 * information * 0x55d3f48bedd0 * KIM_LogImplementation.cpp:242 * Log object renamed.  ID changed to '0x55d3f48c69e0_0x55d3f48bedd0'.
2025-04-24:11:49:30CDT * 2 * information * 0x55d3f48c69e0_0x55d3f48bedd0 * KIM_LogImplementation.cpp:246 * Log object renamed.  ID changed from '0x55d3f48bedd0'.
2025-04-24:11:49:56CDT * 0 * information * 0x5555560295a0 * KIM_LogImplementation.cpp:107 * Log object created.  Default verbosity level is 'information'.
2025-04-24:11:49:56CDT * 1 * information * 0x5555560295a0 * KIM_LogImplementation.cpp:119 * Log object destroyed.
2025-04-24:11:49:56CDT * 0 * information * 0x5555560295a0 * KIM_LogImplementation.cpp:107 * Log object created.  Default verbosity level is 'information'.
2025-04-24:11:49:56CDT * 0 * information * 0x5555560dd750 * KIM_LogImplementation.cpp:107 * Log object created.  Default verbosity level is 'information'.
2025-04-24:11:49:56CDT * 1 * information * 0x5555560dd750 * KIM_LogImplementation.cpp:242 * Log object renamed.  ID changed to '0x5555560295a0_Collections'.
2025-04-24:11:49:56CDT * 2 * information * 0x5555560295a0_Collections * KIM_LogImplementation.cpp:246 * Log object renamed.  ID changed from '0x5555560dd750'.
2025-04-24:11:49:56CDT * 3 * information * 0x5555560295a0_Collections * KIM_LogImplementation.cpp:119 * Log object destroyed.
2025-04-24:11:49:56CDT * 0 * information * 0x5555560dd750 * KIM_LogImplementation.cpp:107 * Log object created.  Default verbosity level is 'information'.
2025-04-24:11:49:56CDT * 1 * information * 0x5555560dd750 * KIM_LogImplementation.cpp:242 * Log object renamed.  ID changed to '0x5555560295a0_0x5555560dd750'.
2025-04-24:11:49:56CDT * 2 * information * 0x5555560295a0_0x5555560dd750 * KIM_LogImplementation.cpp:246 * Log object renamed.  ID changed from '0x5555560dd750'.
2025-04-24:12:12:44CDT * 0 * information * 0x55d31daec9e0 * KIM_LogImplementation.cpp:107 * Log object created.  Default verbosity level is 'information'.
2025-04-24:12:12:44CDT * 1 * information * 0x55d31daec9e0 * KIM_LogImplementation.cpp:119 * Log object destroyed.
2025-04-24:12:12:44CDT * 0 * information * 0x55d31daec9e0 * KIM_LogImplementation.cpp:107 * Log object created.  Default verbosity level is 'information'.
2025-04-24:12:12:44CDT * 0 * information * 0x55d31dae4dd0 * KIM_LogImplementation.cpp:107 * Log object created.  Default verbosity level is 'information'.
2025-04-24:12:12:44CDT * 1 * information * 0x55d31dae4dd0 * KIM_LogImplementation.cpp:242 * Log object renamed.  ID changed to '0x55d31daec9e0_Collections'.
2025-04-24:12:12:44CDT * 2 * information * 0x55d31daec9e0_Collections * KIM_LogImplementation.cpp:246 * Log object renamed.  ID changed from '0x55d31dae4dd0'.
2025-04-24:12:12:44CDT * 3 * information * 0x55d31daec9e0_Collections * KIM_LogImplementation.cpp:119 * Log object destroyed.
2025-04-24:12:12:44CDT * 0 * information * 0x55d31dae4dd0 * KIM_LogImplementation.cpp:107 * Log object created.  Default verbosity level is 'information'.
2025-04-24:12:12:44CDT * 1 * information * 0x55d31dae4dd0 * KIM_LogImplementation.cpp:242 * Log object renamed.  ID changed to '0x55d31daec9e0_0x55d31dae4dd0'.
2025-04-24:12:12:44CDT * 2 * information * 0x55d31daec9e0_0x55d31dae4dd0 * KIM_LogImplementation.cpp:246 * Log object renamed.  ID changed from '0x55d31dae4dd0'.
2025-04-24:12:18:28CDT * 0 * information * 0x5599ffbb79e0 * KIM_LogImplementation.cpp:107 * Log object created.  Default verbosity level is 'information'.
2025-04-24:12:18:28CDT * 1 * information * 0x5599ffbb79e0 * KIM_LogImplementation.cpp:119 * Log object destroyed.
2025-04-24:12:18:28CDT * 0 * information * 0x5599ffbb79e0 * KIM_LogImplementation.cpp:107 * Log object created.  Default verbosity level is 'information'.
2025-04-24:12:18:28CDT * 0 * information * 0x5599ffbafdd0 * KIM_LogImplementation.cpp:107 * Log object created.  Default verbosity level is 'information'.
2025-04-24:12:18:28CDT * 1 * information * 0x5599ffbafdd0 * KIM_LogImplementation.cpp:242 * Log object renamed.  ID changed to '0x5599ffbb79e0_Collections'.
2025-04-24:12:18:28CDT * 2 * information * 0x5599ffbb79e0_Collections * KIM_LogImplementation.cpp:246 * Log object renamed.  ID changed from '0x5599ffbafdd0'.
2025-04-24:12:18:28CDT * 3 * information * 0x5599ffbb79e0_Collections * KIM_LogImplementation.cpp:119 * Log object destroyed.
2025-04-24:12:18:28CDT * 0 * information * 0x5599ffbafdd0 * KIM_LogImplementation.cpp:107 * Log object created.  Default verbosity level is 'information'.
2025-04-24:12:18:28CDT * 1 * information * 0x5599ffbafdd0 * KIM_LogImplementation.cpp:242 * Log object renamed.  ID changed to '0x5599ffbb79e0_0x5599ffbafdd0'.
2025-04-24:12:18:28CDT * 2 * information * 0x5599ffbb79e0_0x5599ffbafdd0 * KIM_LogImplementation.cpp:246 * Log object renamed.  ID changed from '0x5599ffbafdd0'.
2025-04-24:12:19:13CDT * 0 * information * 0x55574b0449e0 * KIM_LogImplementation.cpp:107 * Log object created.  Default verbosity level is 'information'.
2025-04-24:12:19:13CDT * 1 * information * 0x55574b0449e0 * KIM_LogImplementation.cpp:119 * Log object destroyed.
2025-04-24:12:19:13CDT * 0 * information * 0x55574b0449e0 * KIM_LogImplementation.cpp:107 * Log object created.  Default verbosity level is 'information'.
2025-04-24:12:19:13CDT * 0 * information * 0x55574b03cdd0 * KIM_LogImplementation.cpp:107 * Log object created.  Default verbosity level is 'information'.
2025-04-24:12:19:13CDT * 1 * information * 0x55574b03cdd0 * KIM_LogImplementation.cpp:242 * Log object renamed.  ID changed to '0x55574b0449e0_Collections'.
2025-04-24:12:19:13CDT * 2 * information * 0x55574b0449e0_Collections * KIM_LogImplementation.cpp:246 * Log object renamed.  ID changed from '0x55574b03cdd0'.
2025-04-24:12:19:13CDT * 3 * information * 0x55574b0449e0_Collections * KIM_LogImplementation.cpp:119 * Log object destroyed.
2025-04-24:12:19:13CDT * 0 * information * 0x55574b03cdd0 * KIM_LogImplementation.cpp:107 * Log object created.  Default verbosity level is 'information'.
2025-04-24:12:19:13CDT * 1 * information * 0x55574b03cdd0 * KIM_LogImplementation.cpp:242 * Log object renamed.  ID changed to '0x55574b0449e0_0x55574b03cdd0'.
2025-04-24:12:19:13CDT * 2 * information * 0x55574b0449e0_0x55574b03cdd0 * KIM_LogImplementation.cpp:246 * Log object renamed.  ID changed from '0x55574b03cdd0'.
2025-04-24:12:21:59CDT * 0 * information * 0x558f5474c9e0 * KIM_LogImplementation.cpp:107 * Log object created.  Default verbosity level is 'information'.
2025-04-24:12:21:59CDT * 1 * information * 0x558f5474c9e0 * KIM_LogImplementation.cpp:119 * Log object destroyed.
2025-04-24:12:21:59CDT * 0 * information * 0x558f5474c9e0 * KIM_LogImplementation.cpp:107 * Log object created.  Default verbosity level is 'information'.
2025-04-24:12:21:59CDT * 0 * information * 0x558f54744dd0 * KIM_LogImplementation.cpp:107 * Log object created.  Default verbosity level is 'information'.
2025-04-24:12:21:59CDT * 1 * information * 0x558f54744dd0 * KIM_LogImplementation.cpp:242 * Log object renamed.  ID changed to '0x558f5474c9e0_Collections'.
2025-04-24:12:21:59CDT * 2 * information * 0x558f5474c9e0_Collections * KIM_LogImplementation.cpp:246 * Log object renamed.  ID changed from '0x558f54744dd0'.
2025-04-24:12:21:59CDT * 3 * information * 0x558f5474c9e0_Collections * KIM_LogImplementation.cpp:119 * Log object destroyed.
2025-04-24:12:21:59CDT * 0 * information * 0x558f54744dd0 * KIM_LogImplementation.cpp:107 * Log object created.  Default verbosity level is 'information'.
2025-04-24:12:21:59CDT * 1 * information * 0x558f54744dd0 * KIM_LogImplementation.cpp:242 * Log object renamed.  ID changed to '0x558f5474c9e0_0x558f54744dd0'.
2025-04-24:12:21:59CDT * 2 * information * 0x558f5474c9e0_0x558f54744dd0 * KIM_LogImplementation.cpp:246 * Log object renamed.  ID changed from '0x558f54744dd0'.
2025-04-24:12:21:59CDT * 1 * error * 0x558f5474c9e0 * KIM_ModelImplementation.cpp:2497 * Model supplied ComputeArgumentsCreate() routine returned error.
2025-04-24:12:21:59CDT * 2 * information * 0x558f5474c9e0 * KIM_LogImplementation.cpp:119 * Log object destroyed.
2025-04-24:12:22:41CDT * 0 * information * 0x556adfc9a9e0 * KIM_LogImplementation.cpp:107 * Log object created.  Default verbosity level is 'information'.
2025-04-24:12:22:41CDT * 1 * information * 0x556adfc9a9e0 * KIM_LogImplementation.cpp:119 * Log object destroyed.
2025-04-24:12:22:41CDT * 0 * information * 0x556adfc9a9e0 * KIM_LogImplementation.cpp:107 * Log object created.  Default verbosity level is 'information'.
2025-04-24:12:22:41CDT * 0 * information * 0x556adfc92dd0 * KIM_LogImplementation.cpp:107 * Log object created.  Default verbosity level is 'information'.
2025-04-24:12:22:41CDT * 1 * information * 0x556adfc92dd0 * KIM_LogImplementation.cpp:242 * Log object renamed.  ID changed to '0x556adfc9a9e0_Collections'.
2025-04-24:12:22:41CDT * 2 * information * 0x556adfc9a9e0_Collections * KIM_LogImplementation.cpp:246 * Log object renamed.  ID changed from '0x556adfc92dd0'.
2025-04-24:12:22:41CDT * 3 * information * 0x556adfc9a9e0_Collections * KIM_LogImplementation.cpp:119 * Log object destroyed.
2025-04-24:12:22:41CDT * 0 * information * 0x556adfc92dd0 * KIM_LogImplementation.cpp:107 * Log object created.  Default verbosity level is 'information'.
2025-04-24:12:22:41CDT * 1 * information * 0x556adfc92dd0 * KIM_LogImplementation.cpp:242 * Log object renamed.  ID changed to '0x556adfc9a9e0_0x556adfc92dd0'.
2025-04-24:12:22:41CDT * 2 * information * 0x556adfc9a9e0_0x556adfc92dd0 * KIM_LogImplementation.cpp:246 * Log object renamed.  ID changed from '0x556adfc92dd0'.
2025-04-24:12:22:41CDT * 1 * error * 0x556adfc9a9e0 * KIM_ModelImplementation.cpp:2497 * Model supplied ComputeArgumentsCreate() routine returned error.
2025-04-24:12:22:41CDT * 2 * information * 0x556adfc9a9e0 * KIM_LogImplementation.cpp:119 * Log object destroyed.
2025-04-24:12:23:42CDT * 0 * information * 0x5643939169e0 * KIM_LogImplementation.cpp:107 * Log object created.  Default verbosity level is 'information'.
2025-04-24:12:23:42CDT * 1 * information * 0x5643939169e0 * KIM_LogImplementation.cpp:119 * Log object destroyed.
2025-04-24:12:23:42CDT * 0 * information * 0x5643939169e0 * KIM_LogImplementation.cpp:107 * Log object created.  Default verbosity level is 'information'.
2025-04-24:12:23:42CDT * 0 * information * 0x56439390edd0 * KIM_LogImplementation.cpp:107 * Log object created.  Default verbosity level is 'information'.
2025-04-24:12:23:42CDT * 1 * information * 0x56439390edd0 * KIM_LogImplementation.cpp:242 * Log object renamed.  ID changed to '0x5643939169e0_Collections'.
2025-04-24:12:23:42CDT * 2 * information * 0x5643939169e0_Collections * KIM_LogImplementation.cpp:246 * Log object renamed.  ID changed from '0x56439390edd0'.
2025-04-24:12:23:42CDT * 3 * information * 0x5643939169e0_Collections * KIM_LogImplementation.cpp:119 * Log object destroyed.
2025-04-24:12:23:42CDT * 0 * information * 0x56439390edd0 * KIM_LogImplementation.cpp:107 * Log object created.  Default verbosity level is 'information'.
2025-04-24:12:23:42CDT * 1 * information * 0x56439390edd0 * KIM_LogImplementation.cpp:242 * Log object renamed.  ID changed to '0x5643939169e0_0x56439390edd0'.
2025-04-24:12:23:42CDT * 2 * information * 0x5643939169e0_0x56439390edd0 * KIM_LogImplementation.cpp:246 * Log object renamed.  ID changed from '0x56439390edd0'.
2025-04-24:12:23:42CDT * 1 * error * 0x5643939169e0 * KIM_ModelImplementation.cpp:2497 * Model supplied ComputeArgumentsCreate() routine returned error.
2025-04-24:12:23:42CDT * 2 * information * 0x5643939169e0 * KIM_LogImplementation.cpp:119 * Log object destroyed.
2025-04-24:12:24:15CDT * 0 * information * 0x562b07d799e0 * KIM_LogImplementation.cpp:107 * Log object created.  Default verbosity level is 'information'.
2025-04-24:12:24:15CDT * 1 * information * 0x562b07d799e0 * KIM_LogImplementation.cpp:119 * Log object destroyed.
2025-04-24:12:24:15CDT * 0 * information * 0x562b07d799e0 * KIM_LogImplementation.cpp:107 * Log object created.  Default verbosity level is 'information'.
2025-04-24:12:24:15CDT * 0 * information * 0x562b07d71dd0 * KIM_LogImplementation.cpp:107 * Log object created.  Default verbosity level is 'information'.
2025-04-24:12:24:15CDT * 1 * information * 0x562b07d71dd0 * KIM_LogImplementation.cpp:242 * Log object renamed.  ID changed to '0x562b07d799e0_Collections'.
2025-04-24:12:24:15CDT * 2 * information * 0x562b07d799e0_Collections * KIM_LogImplementation.cpp:246 * Log object renamed.  ID changed from '0x562b07d71dd0'.
2025-04-24:12:24:15CDT * 3 * information * 0x562b07d799e0_Collections * KIM_LogImplementation.cpp:119 * Log object destroyed.
2025-04-24:12:24:15CDT * 0 * information * 0x562b07d71dd0 * KIM_LogImplementation.cpp:107 * Log object created.  Default verbosity level is 'information'.
2025-04-24:12:24:15CDT * 1 * information * 0x562b07d71dd0 * KIM_LogImplementation.cpp:242 * Log object renamed.  ID changed to '0x562b07d799e0_0x562b07d71dd0'.
2025-04-24:12:24:15CDT * 2 * information * 0x562b07d799e0_0x562b07d71dd0 * KIM_LogImplementation.cpp:246 * Log object renamed.  ID changed from '0x562b07d71dd0'.
2025-04-24:12:24:15CDT * 1 * error * 0x562b07d799e0 * KIM_ModelImplementation.cpp:2497 * Model supplied ComputeArgumentsCreate() routine returned error.
2025-04-24:12:24:15CDT * 2 * information * 0x562b07d799e0 * KIM_LogImplementation.cpp:119 * Log object destroyed.
2025-04-24:12:26:38CDT * 0 * information * 0x5614b685b9e0 * KIM_LogImplementation.cpp:107 * Log object created.  Default verbosity level is 'information'.
2025-04-24:12:26:38CDT * 1 * information * 0x5614b685b9e0 * KIM_LogImplementation.cpp:119 * Log object destroyed.
2025-04-24:12:26:38CDT * 0 * information * 0x5614b685b9e0 * KIM_LogImplementation.cpp:107 * Log object created.  Default verbosity level is 'information'.
2025-04-24:12:26:38CDT * 0 * information * 0x5614b6853dd0 * KIM_LogImplementation.cpp:107 * Log object created.  Default verbosity level is 'information'.
2025-04-24:12:26:38CDT * 1 * information * 0x5614b6853dd0 * KIM_LogImplementation.cpp:242 * Log object renamed.  ID changed to '0x5614b685b9e0_Collections'.
2025-04-24:12:26:38CDT * 2 * information * 0x5614b685b9e0_Collections * KIM_LogImplementation.cpp:246 * Log object renamed.  ID changed from '0x5614b6853dd0'.
2025-04-24:12:26:38CDT * 3 * information * 0x5614b685b9e0_Collections * KIM_LogImplementation.cpp:119 * Log object destroyed.
2025-04-24:12:26:38CDT * 0 * information * 0x5614b6853dd0 * KIM_LogImplementation.cpp:107 * Log object created.  Default verbosity level is 'information'.
2025-04-24:12:26:38CDT * 1 * information * 0x5614b6853dd0 * KIM_LogImplementation.cpp:242 * Log object renamed.  ID changed to '0x5614b685b9e0_0x5614b6853dd0'.
2025-04-24:12:26:38CDT * 2 * information * 0x5614b685b9e0_0x5614b6853dd0 * KIM_LogImplementation.cpp:246 * Log object renamed.  ID changed from '0x5614b6853dd0'.
2025-04-24:12:26:38CDT * 1 * error * 0x5614b685b9e0 * KIM_ModelImplementation.cpp:2497 * Model supplied ComputeArgumentsCreate() routine returned error.
2025-04-24:12:26:38CDT * 2 * information * 0x5614b685b9e0 * KIM_LogImplementation.cpp:119 * Log object destroyed.
2025-04-24:13:09:02CDT * 0 * information * 0x560cd5c1a9e0 * KIM_LogImplementation.cpp:107 * Log object created.  Default verbosity level is 'information'.
2025-04-24:13:09:02CDT * 1 * information * 0x560cd5c1a9e0 * KIM_LogImplementation.cpp:119 * Log object destroyed.
2025-04-24:13:09:02CDT * 0 * information * 0x560cd5c1a9e0 * KIM_LogImplementation.cpp:107 * Log object created.  Default verbosity level is 'information'.
2025-04-24:13:09:02CDT * 0 * information * 0x560cd5c12dd0 * KIM_LogImplementation.cpp:107 * Log object created.  Default verbosity level is 'information'.
2025-04-24:13:09:02CDT * 1 * information * 0x560cd5c12dd0 * KIM_LogImplementation.cpp:242 * Log object renamed.  ID changed to '0x560cd5c1a9e0_Collections'.
2025-04-24:13:09:02CDT * 2 * information * 0x560cd5c1a9e0_Collections * KIM_LogImplementation.cpp:246 * Log object renamed.  ID changed from '0x560cd5c12dd0'.
2025-04-24:13:09:02CDT * 3 * information * 0x560cd5c1a9e0_Collections * KIM_LogImplementation.cpp:119 * Log object destroyed.
2025-04-24:13:09:02CDT * 0 * information * 0x560cd5c12dd0 * KIM_LogImplementation.cpp:107 * Log object created.  Default verbosity level is 'information'.
2025-04-24:13:09:02CDT * 1 * information * 0x560cd5c12dd0 * KIM_LogImplementation.cpp:242 * Log object renamed.  ID changed to '0x560cd5c1a9e0_0x560cd5c12dd0'.
2025-04-24:13:09:02CDT * 2 * information * 0x560cd5c1a9e0_0x560cd5c12dd0 * KIM_LogImplementation.cpp:246 * Log object renamed.  ID changed from '0x560cd5c12dd0'.
